[0.360s] Invoking command in '/home/nayaniom/ros2_ws/src/robocup_bot_description/robocup_bot_description/build/robocup_bot_description': PYTHONPATH=/home/nayaniom/ros2_ws/src/robocup_bot_description/robocup_bot_description/build/robocup_bot_description/prefix_override:/home/nayaniom/ros2_ws/src/robocup_bot_description/robocup_bot_description/install/robocup_bot_description/lib/python3.10/site-packages:${PYTHONPATH} /usr/bin/python3 -W ignore:setup.py install is deprecated setup.py develop --editable --build-directory /home/nayaniom/ros2_ws/src/robocup_bot_description/robocup_bot_description/build/robocup_bot_description/build --no-deps symlink_data
[0.491s] /usr/lib/python3/dist-packages/setuptools/dist.py:723: UserWarning: Usage of dash-separated 'script-dir' will not be supported in future versions. Please use the underscore name 'script_dir' instead
[0.491s]   warnings.warn(
[0.513s] running develop
[0.513s] /usr/lib/python3/dist-packages/setuptools/command/easy_install.py:158: EasyInstallDeprecationWarning: easy_install command is deprecated. Use build and pip and other standards-based tools.
[0.513s]   warnings.warn(
[0.607s] running egg_info
[0.607s] creating robocup_bot_description.egg-info
[0.607s] writing robocup_bot_description.egg-info/PKG-INFO
[0.607s] writing dependency_links to robocup_bot_description.egg-info/dependency_links.txt
[0.607s] writing entry points to robocup_bot_description.egg-info/entry_points.txt
[0.607s] writing requirements to robocup_bot_description.egg-info/requires.txt
[0.607s] writing top-level names to robocup_bot_description.egg-info/top_level.txt
[0.607s] writing manifest file 'robocup_bot_description.egg-info/SOURCES.txt'
[0.608s] reading manifest file 'robocup_bot_description.egg-info/SOURCES.txt'
[0.608s] writing manifest file 'robocup_bot_description.egg-info/SOURCES.txt'
[0.609s] running build_ext
[0.609s] Creating /home/nayaniom/ros2_ws/src/robocup_bot_description/robocup_bot_description/install/robocup_bot_description/lib/python3.10/site-packages/robocup-bot-description.egg-link (link to .)
[0.610s] 
[0.610s] Installed /home/nayaniom/ros2_ws/src/robocup_bot_description/robocup_bot_description/build/robocup_bot_description
[0.610s] running symlink_data
[0.610s] creating /home/nayaniom/ros2_ws/src/robocup_bot_description/robocup_bot_description/install/robocup_bot_description/share/ament_index
[0.610s] creating /home/nayaniom/ros2_ws/src/robocup_bot_description/robocup_bot_description/install/robocup_bot_description/share/ament_index/resource_index
[0.610s] creating /home/nayaniom/ros2_ws/src/robocup_bot_description/robocup_bot_description/install/robocup_bot_description/share/ament_index/resource_index/packages
[0.610s] symbolically linking /home/nayaniom/ros2_ws/src/robocup_bot_description/robocup_bot_description/build/robocup_bot_description/resource/robocup_bot_description -> /home/nayaniom/ros2_ws/src/robocup_bot_description/robocup_bot_description/install/robocup_bot_description/share/ament_index/resource_index/packages
[0.610s] symbolically linking /home/nayaniom/ros2_ws/src/robocup_bot_description/robocup_bot_description/build/robocup_bot_description/package.xml -> /home/nayaniom/ros2_ws/src/robocup_bot_description/robocup_bot_description/install/robocup_bot_description/share/robocup_bot_description
[0.610s] creating /home/nayaniom/ros2_ws/src/robocup_bot_description/robocup_bot_description/install/robocup_bot_description/share/robocup_bot_description/launch
[0.610s] symbolically linking /home/nayaniom/ros2_ws/src/robocup_bot_description/robocup_bot_description/build/robocup_bot_description/launch/display.launch.py -> /home/nayaniom/ros2_ws/src/robocup_bot_description/robocup_bot_description/install/robocup_bot_description/share/robocup_bot_description/launch
[0.611s] symbolically linking /home/nayaniom/ros2_ws/src/robocup_bot_description/robocup_bot_description/build/robocup_bot_description/launch/gazebo.launch.py -> /home/nayaniom/ros2_ws/src/robocup_bot_description/robocup_bot_description/install/robocup_bot_description/share/robocup_bot_description/launch
[0.611s] creating /home/nayaniom/ros2_ws/src/robocup_bot_description/robocup_bot_description/install/robocup_bot_description/share/robocup_bot_description/urdf
[0.611s] symbolically linking /home/nayaniom/ros2_ws/src/robocup_bot_description/robocup_bot_description/build/robocup_bot_description/urdf/robocup_bot.xacro -> /home/nayaniom/ros2_ws/src/robocup_bot_description/robocup_bot_description/install/robocup_bot_description/share/robocup_bot_description/urdf
[0.611s] symbolically linking /home/nayaniom/ros2_ws/src/robocup_bot_description/robocup_bot_description/build/robocup_bot_description/urdf/robocup_bot.trans -> /home/nayaniom/ros2_ws/src/robocup_bot_description/robocup_bot_description/install/robocup_bot_description/share/robocup_bot_description/urdf
[0.611s] symbolically linking /home/nayaniom/ros2_ws/src/robocup_bot_description/robocup_bot_description/build/robocup_bot_description/urdf/materials.xacro -> /home/nayaniom/ros2_ws/src/robocup_bot_description/robocup_bot_description/install/robocup_bot_description/share/robocup_bot_description/urdf
[0.611s] symbolically linking /home/nayaniom/ros2_ws/src/robocup_bot_description/robocup_bot_description/build/robocup_bot_description/urdf/camera.xacro -> /home/nayaniom/ros2_ws/src/robocup_bot_description/robocup_bot_description/install/robocup_bot_description/share/robocup_bot_description/urdf
[0.611s] symbolically linking /home/nayaniom/ros2_ws/src/robocup_bot_description/robocup_bot_description/build/robocup_bot_description/urdf/robocup_bot.gazebo -> /home/nayaniom/ros2_ws/src/robocup_bot_description/robocup_bot_description/install/robocup_bot_description/share/robocup_bot_description/urdf
[0.611s] creating /home/nayaniom/ros2_ws/src/robocup_bot_description/robocup_bot_description/install/robocup_bot_description/share/robocup_bot_description/meshes
[0.611s] symbolically linking /home/nayaniom/ros2_ws/src/robocup_bot_description/robocup_bot_description/build/robocup_bot_description/meshes/wheel4_1.stl -> /home/nayaniom/ros2_ws/src/robocup_bot_description/robocup_bot_description/install/robocup_bot_description/share/robocup_bot_description/meshes
[0.611s] symbolically linking /home/nayaniom/ros2_ws/src/robocup_bot_description/robocup_bot_description/build/robocup_bot_description/meshes/cam1_1.stl -> /home/nayaniom/ros2_ws/src/robocup_bot_description/robocup_bot_description/install/robocup_bot_description/share/robocup_bot_description/meshes
[0.611s] symbolically linking /home/nayaniom/ros2_ws/src/robocup_bot_description/robocup_bot_description/build/robocup_bot_description/meshes/cam2_1.stl -> /home/nayaniom/ros2_ws/src/robocup_bot_description/robocup_bot_description/install/robocup_bot_description/share/robocup_bot_description/meshes
[0.611s] symbolically linking /home/nayaniom/ros2_ws/src/robocup_bot_description/robocup_bot_description/build/robocup_bot_description/meshes/wheel1_1.stl -> /home/nayaniom/ros2_ws/src/robocup_bot_description/robocup_bot_description/install/robocup_bot_description/share/robocup_bot_description/meshes
[0.611s] symbolically linking /home/nayaniom/ros2_ws/src/robocup_bot_description/robocup_bot_description/build/robocup_bot_description/meshes/cam4_1.stl -> /home/nayaniom/ros2_ws/src/robocup_bot_description/robocup_bot_description/install/robocup_bot_description/share/robocup_bot_description/meshes
[0.611s] symbolically linking /home/nayaniom/ros2_ws/src/robocup_bot_description/robocup_bot_description/build/robocup_bot_description/meshes/cam3_1.stl -> /home/nayaniom/ros2_ws/src/robocup_bot_description/robocup_bot_description/install/robocup_bot_description/share/robocup_bot_description/meshes
[0.611s] symbolically linking /home/nayaniom/ros2_ws/src/robocup_bot_description/robocup_bot_description/build/robocup_bot_description/meshes/base_link.stl -> /home/nayaniom/ros2_ws/src/robocup_bot_description/robocup_bot_description/install/robocup_bot_description/share/robocup_bot_description/meshes
[0.611s] symbolically linking /home/nayaniom/ros2_ws/src/robocup_bot_description/robocup_bot_description/build/robocup_bot_description/meshes/wheel3_1.stl -> /home/nayaniom/ros2_ws/src/robocup_bot_description/robocup_bot_description/install/robocup_bot_description/share/robocup_bot_description/meshes
[0.611s] symbolically linking /home/nayaniom/ros2_ws/src/robocup_bot_description/robocup_bot_description/build/robocup_bot_description/meshes/wheel2_1.stl -> /home/nayaniom/ros2_ws/src/robocup_bot_description/robocup_bot_description/install/robocup_bot_description/share/robocup_bot_description/meshes
[0.611s] creating /home/nayaniom/ros2_ws/src/robocup_bot_description/robocup_bot_description/install/robocup_bot_description/share/robocup_bot_description/config
[0.611s] symbolically linking /home/nayaniom/ros2_ws/src/robocup_bot_description/robocup_bot_description/build/robocup_bot_description/config/display.rviz -> /home/nayaniom/ros2_ws/src/robocup_bot_description/robocup_bot_description/install/robocup_bot_description/share/robocup_bot_description/config
[0.628s] Invoked command in '/home/nayaniom/ros2_ws/src/robocup_bot_description/robocup_bot_description/build/robocup_bot_description' returned '0': PYTHONPATH=/home/nayaniom/ros2_ws/src/robocup_bot_description/robocup_bot_description/build/robocup_bot_description/prefix_override:/home/nayaniom/ros2_ws/src/robocup_bot_description/robocup_bot_description/install/robocup_bot_description/lib/python3.10/site-packages:${PYTHONPATH} /usr/bin/python3 -W ignore:setup.py install is deprecated setup.py develop --editable --build-directory /home/nayaniom/ros2_ws/src/robocup_bot_description/robocup_bot_description/build/robocup_bot_description/build --no-deps symlink_data
